Determining if the pthread_create exist failed with the following output:
Change Dir: /home/jiyizi/Software/jadepixana/build/CMakeFiles/CMakeTmp

Run Build Command:"/usr/bin/make" "cmTC_32830/fast"
/usr/bin/make -f CMakeFiles/cmTC_32830.dir/build.make CMakeFiles/cmTC_32830.dir/build
make[1]: Entering directory '/home/jiyizi/Software/jadepixana/build/CMakeFiles/CMakeTmp'
Building C object CMakeFiles/cmTC_32830.dir/CheckSymbolExists.c.o
/usr/bin/cc    -o CMakeFiles/cmTC_32830.dir/CheckSymbolExists.c.o   -c /home/jiyizi/Software/jadepixana/build/CMakeFiles/CMakeTmp/CheckSymbolExists.c
Linking C executable cmTC_32830
/usr/bin/cmake -E cmake_link_script CMakeFiles/cmTC_32830.dir/link.txt --verbose=1
/usr/bin/cc      -rdynamic CMakeFiles/cmTC_32830.dir/CheckSymbolExists.c.o  -o cmTC_32830 
CMakeFiles/cmTC_32830.dir/CheckSymbolExists.c.o: In function `main':
CheckSymbolExists.c:(.text+0x1b): undefined reference to `pthread_create'
collect2: error: ld returned 1 exit status
CMakeFiles/cmTC_32830.dir/build.make:97: recipe for target 'cmTC_32830' failed
make[1]: *** [cmTC_32830] Error 1
make[1]: Leaving directory '/home/jiyizi/Software/jadepixana/build/CMakeFiles/CMakeTmp'
Makefile:126: recipe for target 'cmTC_32830/fast' failed
make: *** [cmTC_32830/fast] Error 2

File /home/jiyizi/Software/jadepixana/build/CMakeFiles/CMakeTmp/CheckSymbolExists.c:
/* */
#include <pthread.h>

int main(int argc, char** argv)
{
  (void)argv;
#ifndef pthread_create
  return ((int*)(&pthread_create))[argc];
#else
  (void)argc;
  return 0;
#endif
}

Determining if the function pthread_create exists in the pthreads failed with the following output:
Change Dir: /home/jiyizi/Software/jadepixana/build/CMakeFiles/CMakeTmp

Run Build Command:"/usr/bin/make" "cmTC_56795/fast"
/usr/bin/make -f CMakeFiles/cmTC_56795.dir/build.make CMakeFiles/cmTC_56795.dir/build
make[1]: Entering directory '/home/jiyizi/Software/jadepixana/build/CMakeFiles/CMakeTmp'
Building C object CMakeFiles/cmTC_56795.dir/CheckFunctionExists.c.o
/usr/bin/cc   -DCHECK_FUNCTION_EXISTS=pthread_create   -o CMakeFiles/cmTC_56795.dir/CheckFunctionExists.c.o   -c /usr/share/cmake-3.10/Modules/CheckFunctionExists.c
Linking C executable cmTC_56795
/usr/bin/cmake -E cmake_link_script CMakeFiles/cmTC_56795.dir/link.txt --verbose=1
/usr/bin/cc  -DCHECK_FUNCTION_EXISTS=pthread_create    -rdynamic CMakeFiles/cmTC_56795.dir/CheckFunctionExists.c.o  -o cmTC_56795 -lpthreads 
/usr/bin/ld: cannot find -lpthreads
collect2: error: ld returned 1 exit status
CMakeFiles/cmTC_56795.dir/build.make:97: recipe for target 'cmTC_56795' failed
make[1]: *** [cmTC_56795] Error 1
make[1]: Leaving directory '/home/jiyizi/Software/jadepixana/build/CMakeFiles/CMakeTmp'
Makefile:126: recipe for target 'cmTC_56795/fast' failed
make: *** [cmTC_56795/fast] Error 2


